<?xml version="1.0" encoding="UTF-8"?>
<!-- Generated by org.testng.reporters.JUnitReportReporter -->
<testsuite hostname="DESKTOP-5JMI9DE" name="test_cases.all_in_one_hybrid" tests="1" failures="0" timestamp="21 Sep 2022 07:56:25 GMT" time="63.410" errors="0">
  <testcase name="orangeHRMSuite" time="63.410" classname="test_cases.all_in_one_hybrid"/>
</testsuite> <!-- test_cases.all_in_one_hybrid -->
